<?xml version="1.0" encoding="UTF-8"?>
<!-- Generated by org.testng.reporters.JUnitReportReporter -->
<testsuite hostname="Mypc" name="testNG.UserregTest" tests="1" failures="0" timestamp="13 Dec 2016 05:34:53 GMT" time="73.754" errors="0">
  <testcase name="user" time="73.754" classname="testNG.UserregTest"/>
</testsuite> <!-- testNG.UserregTest -->
