<?xml version="1.0" encoding="UTF-8"?>
<!-- Generated by org.testng.reporters.JUnitReportReporter -->
<testsuite hostname="Mypc" name="DriverScripts.Hybrid" tests="1" failures="0" timestamp="14 Dec 2016 06:02:54 GMT" time="70.151" errors="0">
  <testcase name="test" time="70.151" classname="DriverScripts.Hybrid"/>
</testsuite> <!-- DriverScripts.Hybrid -->
