<?xml version="1.0" encoding="UTF-8"?>
<!-- Generated by org.testng.reporters.JUnitReportReporter -->
<testsuite hostname="Mypc" name="testNG.EmpregTest" tests="1" failures="0" timestamp="13 Dec 2016 05:34:53 GMT" time="44.531" errors="0">
  <testcase name="org_Empreg" time="44.531" classname="testNG.EmpregTest"/>
</testsuite> <!-- testNG.EmpregTest -->
