<?xml version="1.0" encoding="UTF-8"?>
<!-- Generated by org.testng.reporters.JUnitReportReporter -->
<testsuite hostname="Mypc" name="pom.LoginTC_POM" tests="1" failures="0" timestamp="15 Dec 2016 05:33:02 GMT" time="34.645" errors="0">
  <testcase name="lt" time="34.645" classname="pom.LoginTC_POM"/>
</testsuite> <!-- pom.LoginTC_POM -->
