<?xml version="1.0" encoding="UTF-8"?>
<!-- Generated by org.testng.reporters.JUnitReportReporter -->
<testsuite hostname="Mypc" name="grid.GridEg" tests="2" failures="0" timestamp="16 Dec 2016 05:57:56 GMT" time="34.866" errors="0">
  <testcase name="g" time="12.165" classname="grid.GridEg"/>
  <testcase name="g" time="22.701" classname="grid.GridEg"/>
</testsuite> <!-- grid.GridEg -->
