<?xml version="1.0" encoding="UTF-8"?>
<!-- Generated by org.testng.reporters.JUnitReportReporter -->
<testsuite hostname="Mypc" name="testNG.BasicAnnotations" tests="3" failures="0" timestamp="12 Dec 2016 05:38:07 GMT" time="0.064" errors="0">
  <testcase name="function1" time="0.039" classname="testNG.BasicAnnotations"/>
  <testcase name="function2" time="0.011" classname="testNG.BasicAnnotations"/>
  <testcase name="a" time="0.014" classname="testNG.BasicAnnotations"/>
</testsuite> <!-- testNG.BasicAnnotations -->
