<?xml version="1.0" encoding="UTF-8"?>
<!-- Generated by org.testng.reporters.JUnitReportReporter -->
<testsuite hostname="Mypc" name="DriverScripts.Keyword" tests="1" failures="0" timestamp="14 Dec 2016 05:52:31 GMT" time="87.367" errors="0">
  <testcase name="test" time="87.367" classname="DriverScripts.Keyword"/>
</testsuite> <!-- DriverScripts.Keyword -->
