<?xml version="1.0" encoding="UTF-8"?>
<!-- Generated by org.testng.reporters.JUnitReportReporter -->
<testsuite hostname="Mypc" name="testNG.DataproviderEg" tests="3" failures="0" timestamp="13 Dec 2016 05:52:32 GMT" time="45.517" errors="0">
  <testcase name="test12" time="10.791" classname="testNG.DataproviderEg"/>
  <testcase name="test12" time="22.595" classname="testNG.DataproviderEg"/>
  <testcase name="test12" time="12.131" classname="testNG.DataproviderEg"/>
</testsuite> <!-- testNG.DataproviderEg -->
