<?xml version="1.0" encoding="UTF-8"?>
<!-- Generated by org.testng.reporters.JUnitReportReporter -->
<testsuite hostname="Mypc" name="testNG.PrimusLoginTC" tests="1" failures="0" timestamp="12 Dec 2016 05:51:46 GMT" time="6.740" errors="0">
  <testcase name="LoginApp" time="6.740" classname="testNG.PrimusLoginTC"/>
</testsuite> <!-- testNG.PrimusLoginTC -->
